c:\users\xy\desktop\iii semestar\oop\grupa5\debug\vc142.pdb
c:\users\xy\desktop\iii semestar\oop\grupa5\debug\vc142.idb
c:\users\xy\desktop\iii semestar\oop\grupa5\debug\strana.obj
c:\users\xy\desktop\iii semestar\oop\grupa5\debug\source.obj
c:\users\xy\desktop\iii semestar\oop\grupa5\debug\shemakocke.obj
c:\users\xy\desktop\iii semestar\oop\grupa5\debug\scoreboardispis.obj
c:\users\xy\desktop\iii semestar\oop\grupa5\debug\scoreboardarcade.obj
c:\users\xy\desktop\iii semestar\oop\grupa5\debug\scoreboard.obj
c:\users\xy\desktop\iii semestar\oop\grupa5\debug\saveload.obj
c:\users\xy\desktop\iii semestar\oop\grupa5\debug\randomgenerisanje.obj
c:\users\xy\desktop\iii semestar\oop\grupa5\debug\pomjeranje.obj
c:\users\xy\desktop\iii semestar\oop\grupa5\debug\pokret.obj
c:\users\xy\desktop\iii semestar\oop\grupa5\debug\pobjednik.obj
c:\users\xy\desktop\iii semestar\oop\grupa5\debug\kocka.obj
c:\users\xy\desktop\iii semestar\oop\grupa5\debug\rubikova kocka.exe
c:\users\xy\desktop\iii semestar\oop\grupa5\debug\rubikova kocka.ilk
c:\users\xy\desktop\iii semestar\oop\grupa5\debug\rubikova kocka.pdb
c:\users\xy\desktop\iii semestar\oop\grupa5\debug\rubikova kocka.tlog\cl.command.1.tlog
c:\users\xy\desktop\iii semestar\oop\grupa5\debug\rubikova kocka.tlog\cl.read.1.tlog
c:\users\xy\desktop\iii semestar\oop\grupa5\debug\rubikova kocka.tlog\cl.write.1.tlog
c:\users\xy\desktop\iii semestar\oop\grupa5\debug\rubikova kocka.tlog\link.command.1.tlog
c:\users\xy\desktop\iii semestar\oop\grupa5\debug\rubikova kocka.tlog\link.read.1.tlog
c:\users\xy\desktop\iii semestar\oop\grupa5\debug\rubikova kocka.tlog\link.write.1.tlog
